<?xml version="1.0" encoding="UTF-8"?>
<!-- Generated by org.testng.reporters.JUnitReportReporter -->
<testsuite skipped="0" hostname="DESKTOP-O7AV493" name="SingInTest" tests="1" failures="0" timestamp="17 juuli 2017 09:19:53 GMT" time="39.052" errors="0">
  <testcase name="requestLogin" time="39.052" classname="SingInTest"/>
</testsuite> <!-- SingInTest -->
